image_dir /home/bule/projects/MVTec_Visualizer/data/mvtec_anomaly_detection/bottle
image_size (256, 256)
num_epochs 20000
batch_size 256
lr 0.0001
train_ratio 0.8
seed 1234
pretrained None
ckpt /home/bule/projects/inpainting-transformer/ckpt
is_infer False
contamination False
results /home/bule/projects/inpainting-transformer/ckpt/results
label not exists:  /home/bule/projects/MVTec_Visualizer/data/mvtec_anomaly_detection/bottle/test/good/001.png
label not exists:  /home/bule/projects/MVTec_Visualizer/data/mvtec_anomaly_detection/bottle/test/good/011.png
label not exists:  /home/bule/projects/MVTec_Visualizer/data/mvtec_anomaly_detection/bottle/test/good/012.png
label not exists:  /home/bule/projects/MVTec_Visualizer/data/mvtec_anomaly_detection/bottle/test/good/013.png
label not exists:  /home/bule/projects/MVTec_Visualizer/data/mvtec_anomaly_detection/bottle/test/good/019.png
label not exists:  /home/bule/projects/MVTec_Visualizer/data/mvtec_anomaly_detection/bottle/test/good/009.png
label not exists:  /home/bule/projects/MVTec_Visualizer/data/mvtec_anomaly_detection/bottle/test/good/007.png
label not exists:  /home/bule/projects/MVTec_Visualizer/data/mvtec_anomaly_detection/bottle/test/good/003.png
label not exists:  /home/bule/projects/MVTec_Visualizer/data/mvtec_anomaly_detection/bottle/test/good/016.png
label not exists:  /home/bule/projects/MVTec_Visualizer/data/mvtec_anomaly_detection/bottle/test/good/014.png
label not exists:  /home/bule/projects/MVTec_Visualizer/data/mvtec_anomaly_detection/bottle/test/good/010.png
label not exists:  /home/bule/projects/MVTec_Visualizer/data/mvtec_anomaly_detection/bottle/test/good/000.png
label not exists:  /home/bule/projects/MVTec_Visualizer/data/mvtec_anomaly_detection/bottle/test/good/004.png
label not exists:  /home/bule/projects/MVTec_Visualizer/data/mvtec_anomaly_detection/bottle/test/good/006.png
label not exists:  /home/bule/projects/MVTec_Visualizer/data/mvtec_anomaly_detection/bottle/test/good/005.png
label not exists:  /home/bule/projects/MVTec_Visualizer/data/mvtec_anomaly_detection/bottle/test/good/008.png
label not exists:  /home/bule/projects/MVTec_Visualizer/data/mvtec_anomaly_detection/bottle/test/good/002.png
label not exists:  /home/bule/projects/MVTec_Visualizer/data/mvtec_anomaly_detection/bottle/test/good/018.png
label not exists:  /home/bule/projects/MVTec_Visualizer/data/mvtec_anomaly_detection/bottle/test/good/015.png
label not exists:  /home/bule/projects/MVTec_Visualizer/data/mvtec_anomaly_detection/bottle/test/good/017.png
/home/bule/projects/MVTec_Visualizer/data/mvtec_anomaly_detection/bottle/ground_truth/contamination/001_mask.png (256, 256)
/home/bule/projects/MVTec_Visualizer/data/mvtec_anomaly_detection/bottle/ground_truth/contamination/011_mask.png (256, 256)
/home/bule/projects/MVTec_Visualizer/data/mvtec_anomaly_detection/bottle/ground_truth/contamination/012_mask.png (256, 256)
/home/bule/projects/MVTec_Visualizer/data/mvtec_anomaly_detection/bottle/ground_truth/contamination/013_mask.png (256, 256)
/home/bule/projects/MVTec_Visualizer/data/mvtec_anomaly_detection/bottle/ground_truth/contamination/019_mask.png (256, 256)
/home/bule/projects/MVTec_Visualizer/data/mvtec_anomaly_detection/bottle/ground_truth/contamination/009_mask.png (256, 256)
/home/bule/projects/MVTec_Visualizer/data/mvtec_anomaly_detection/bottle/ground_truth/contamination/007_mask.png (256, 256)
/home/bule/projects/MVTec_Visualizer/data/mvtec_anomaly_detection/bottle/ground_truth/contamination/003_mask.png (256, 256)
/home/bule/projects/MVTec_Visualizer/data/mvtec_anomaly_detection/bottle/ground_truth/contamination/016_mask.png (256, 256)
/home/bule/projects/MVTec_Visualizer/data/mvtec_anomaly_detection/bottle/ground_truth/contamination/014_mask.png (256, 256)
/home/bule/projects/MVTec_Visualizer/data/mvtec_anomaly_detection/bottle/ground_truth/contamination/010_mask.png (256, 256)
/home/bule/projects/MVTec_Visualizer/data/mvtec_anomaly_detection/bottle/ground_truth/contamination/000_mask.png (256, 256)
/home/bule/projects/MVTec_Visualizer/data/mvtec_anomaly_detection/bottle/ground_truth/contamination/004_mask.png (256, 256)
/home/bule/projects/MVTec_Visualizer/data/mvtec_anomaly_detection/bottle/ground_truth/contamination/006_mask.png (256, 256)
/home/bule/projects/MVTec_Visualizer/data/mvtec_anomaly_detection/bottle/ground_truth/contamination/005_mask.png (256, 256)
/home/bule/projects/MVTec_Visualizer/data/mvtec_anomaly_detection/bottle/ground_truth/contamination/008_mask.png (256, 256)
/home/bule/projects/MVTec_Visualizer/data/mvtec_anomaly_detection/bottle/ground_truth/contamination/002_mask.png (256, 256)
/home/bule/projects/MVTec_Visualizer/data/mvtec_anomaly_detection/bottle/ground_truth/contamination/020_mask.png (256, 256)
/home/bule/projects/MVTec_Visualizer/data/mvtec_anomaly_detection/bottle/ground_truth/contamination/018_mask.png (256, 256)
/home/bule/projects/MVTec_Visualizer/data/mvtec_anomaly_detection/bottle/ground_truth/contamination/015_mask.png (256, 256)
/home/bule/projects/MVTec_Visualizer/data/mvtec_anomaly_detection/bottle/ground_truth/contamination/017_mask.png (256, 256)
/home/bule/projects/MVTec_Visualizer/data/mvtec_anomaly_detection/bottle/ground_truth/broken_large/001_mask.png (256, 256)
/home/bule/projects/MVTec_Visualizer/data/mvtec_anomaly_detection/bottle/ground_truth/broken_large/011_mask.png (256, 256)
/home/bule/projects/MVTec_Visualizer/data/mvtec_anomaly_detection/bottle/ground_truth/broken_large/012_mask.png (256, 256)
/home/bule/projects/MVTec_Visualizer/data/mvtec_anomaly_detection/bottle/ground_truth/broken_large/013_mask.png (256, 256)
/home/bule/projects/MVTec_Visualizer/data/mvtec_anomaly_detection/bottle/ground_truth/broken_large/019_mask.png (256, 256)
/home/bule/projects/MVTec_Visualizer/data/mvtec_anomaly_detection/bottle/ground_truth/broken_large/009_mask.png (256, 256)
/home/bule/projects/MVTec_Visualizer/data/mvtec_anomaly_detection/bottle/ground_truth/broken_large/007_mask.png (256, 256)
/home/bule/projects/MVTec_Visualizer/data/mvtec_anomaly_detection/bottle/ground_truth/broken_large/003_mask.png (256, 256)
/home/bule/projects/MVTec_Visualizer/data/mvtec_anomaly_detection/bottle/ground_truth/broken_large/016_mask.png (256, 256)
/home/bule/projects/MVTec_Visualizer/data/mvtec_anomaly_detection/bottle/ground_truth/broken_large/014_mask.png (256, 256)
/home/bule/projects/MVTec_Visualizer/data/mvtec_anomaly_detection/bottle/ground_truth/broken_large/010_mask.png (256, 256)
/home/bule/projects/MVTec_Visualizer/data/mvtec_anomaly_detection/bottle/ground_truth/broken_large/000_mask.png (256, 256)
/home/bule/projects/MVTec_Visualizer/data/mvtec_anomaly_detection/bottle/ground_truth/broken_large/004_mask.png (256, 256)
/home/bule/projects/MVTec_Visualizer/data/mvtec_anomaly_detection/bottle/ground_truth/broken_large/006_mask.png (256, 256)
/home/bule/projects/MVTec_Visualizer/data/mvtec_anomaly_detection/bottle/ground_truth/broken_large/005_mask.png (256, 256)
/home/bule/projects/MVTec_Visualizer/data/mvtec_anomaly_detection/bottle/ground_truth/broken_large/008_mask.png (256, 256)
/home/bule/projects/MVTec_Visualizer/data/mvtec_anomaly_detection/bottle/ground_truth/broken_large/002_mask.png (256, 256)
/home/bule/projects/MVTec_Visualizer/data/mvtec_anomaly_detection/bottle/ground_truth/broken_large/018_mask.png (256, 256)
/home/bule/projects/MVTec_Visualizer/data/mvtec_anomaly_detection/bottle/ground_truth/broken_large/015_mask.png (256, 256)
/home/bule/projects/MVTec_Visualizer/data/mvtec_anomaly_detection/bottle/ground_truth/broken_large/017_mask.png (256, 256)
/home/bule/projects/MVTec_Visualizer/data/mvtec_anomaly_detection/bottle/ground_truth/broken_small/001_mask.png (256, 256)
/home/bule/projects/MVTec_Visualizer/data/mvtec_anomaly_detection/bottle/ground_truth/broken_small/011_mask.png (256, 256)
/home/bule/projects/MVTec_Visualizer/data/mvtec_anomaly_detection/bottle/ground_truth/broken_small/012_mask.png (256, 256)
/home/bule/projects/MVTec_Visualizer/data/mvtec_anomaly_detection/bottle/ground_truth/broken_small/021_mask.png (256, 256)
/home/bule/projects/MVTec_Visualizer/data/mvtec_anomaly_detection/bottle/ground_truth/broken_small/013_mask.png (256, 256)
/home/bule/projects/MVTec_Visualizer/data/mvtec_anomaly_detection/bottle/ground_truth/broken_small/019_mask.png (256, 256)
/home/bule/projects/MVTec_Visualizer/data/mvtec_anomaly_detection/bottle/ground_truth/broken_small/009_mask.png (256, 256)
/home/bule/projects/MVTec_Visualizer/data/mvtec_anomaly_detection/bottle/ground_truth/broken_small/007_mask.png (256, 256)
/home/bule/projects/MVTec_Visualizer/data/mvtec_anomaly_detection/bottle/ground_truth/broken_small/003_mask.png (256, 256)
/home/bule/projects/MVTec_Visualizer/data/mvtec_anomaly_detection/bottle/ground_truth/broken_small/016_mask.png (256, 256)
/home/bule/projects/MVTec_Visualizer/data/mvtec_anomaly_detection/bottle/ground_truth/broken_small/014_mask.png (256, 256)
/home/bule/projects/MVTec_Visualizer/data/mvtec_anomaly_detection/bottle/ground_truth/broken_small/010_mask.png (256, 256)
/home/bule/projects/MVTec_Visualizer/data/mvtec_anomaly_detection/bottle/ground_truth/broken_small/000_mask.png (256, 256)
/home/bule/projects/MVTec_Visualizer/data/mvtec_anomaly_detection/bottle/ground_truth/broken_small/004_mask.png (256, 256)
/home/bule/projects/MVTec_Visualizer/data/mvtec_anomaly_detection/bottle/ground_truth/broken_small/006_mask.png (256, 256)
/home/bule/projects/MVTec_Visualizer/data/mvtec_anomaly_detection/bottle/ground_truth/broken_small/005_mask.png (256, 256)
/home/bule/projects/MVTec_Visualizer/data/mvtec_anomaly_detection/bottle/ground_truth/broken_small/008_mask.png (256, 256)
/home/bule/projects/MVTec_Visualizer/data/mvtec_anomaly_detection/bottle/ground_truth/broken_small/002_mask.png (256, 256)
/home/bule/projects/MVTec_Visualizer/data/mvtec_anomaly_detection/bottle/ground_truth/broken_small/020_mask.png (256, 256)
/home/bule/projects/MVTec_Visualizer/data/mvtec_anomaly_detection/bottle/ground_truth/broken_small/018_mask.png (256, 256)
/home/bule/projects/MVTec_Visualizer/data/mvtec_anomaly_detection/bottle/ground_truth/broken_small/015_mask.png (256, 256)
/home/bule/projects/MVTec_Visualizer/data/mvtec_anomaly_detection/bottle/ground_truth/broken_small/017_mask.png (256, 256)
train_loss: 1.7497920989990234
len train: 167
valid_loss: 0.007534762844443321
valid_loss: 0.01504841260612011
valid_loss: 0.022571861743927002
valid_loss: 0.03005812643095851
valid_loss: 0.03755319630727172
valid_loss: 0.04506798321381211
valid_loss: 0.05257223453372717
valid_loss: 0.06011604331433773
valid_loss: 0.06762852054089308
valid_loss: 0.07515575038269162
valid_loss: 0.08271820889785886
valid_loss: 0.09026137553155422
valid_loss: 0.09777619689702988
valid_loss: 0.10529179684817791
valid_loss: 0.11277455557137728
valid_loss: 0.12026993744075298
valid_loss: 0.12776874471455812
valid_loss: 0.13527326565235853
valid_loss: 0.1427772301249206
valid_loss: 0.15027934964746237
valid_loss: 0.15778555953875184
valid_loss: 0.1652801795862615
valid_loss: 0.17283513629809022
valid_loss: 0.1803507781587541
valid_loss: 0.1878582159988582
valid_loss: 0.1953613106161356
valid_loss: 0.20286595821380615
valid_loss: 0.21038874611258507
valid_loss: 0.21792278392240405
valid_loss: 0.2254826705902815
valid_loss: 0.233029801864177
valid_loss: 0.24051601300016046
valid_loss: 0.24799511767923832
valid_loss: 0.2554916851222515
valid_loss: 0.2630172614008188
valid_loss: 0.2705150805413723
valid_loss: 0.27801391761749983
valid_loss: 0.2855690307915211
valid_loss: 0.29310102574527264
valid_loss: 0.3006144389510155
valid_loss: 0.30814152117818594
valid_loss: 0.31565144192427397
len valid: 42
epoch [1/20000], train loss: 0.010478, valid_loss: 1.923971, best_loss: 1.923971
train_loss: 1.608177661895752
len train: 167
epoch [2/20000], train loss: 0.009630, valid_loss: 1.923971, best_loss: 1.923971
train_loss: 1.5141746997833252
len train: 167
epoch [3/20000], train loss: 0.009067, valid_loss: 1.923971, best_loss: 1.923971
train_loss: 1.4746097326278687
len train: 167
epoch [4/20000], train loss: 0.008830, valid_loss: 1.923971, best_loss: 1.923971
train_loss: 1.405480980873108
len train: 167
epoch [5/20000], train loss: 0.008416, valid_loss: 1.923971, best_loss: 1.923971
